Using pre-set license
Built from '2020.3/release' branch; Version is '2020.3.12f1 (b3b2c6512326) revision 11776710'; Using compiler version '192528614'; Build Type 'Release'
OS: 'Windows 10 Home; OS build 19042.1348; Version 2009; 64bit' Language: 'es' Physical Memory: 8138 MB
BatchMode: 1, IsHumanControllingUs: 0, StartBugReporterOnCrash: 0, Is64bit: 1, IsPro: 0

 COMMAND LINE ARGUMENTS:
C:\Program Files\Unity\Hub\Editor\2020.3.12f1\Editor\Unity.exe
-adb2
-batchMode
-noUpm
-name
AssetImportWorker0
-projectPath
C:/Users/toni-/Desktop/Toni/GitHub/Risitas
-logFile
Logs/AssetImportWorker0.log
-srvPort
62122
Successfully changed project path to: C:/Users/toni-/Desktop/Toni/GitHub/Risitas
C:/Users/toni-/Desktop/Toni/GitHub/Risitas
Using Asset Import Pipeline V2.
Refreshing native plugins compatible for Editor in 45.20 ms, found 3 plugins.
Preloading 0 native plugins for Editor in 0.00 ms.
Initialize engine version: 2020.3.12f1 (b3b2c6512326)
[Subsystems] Discovering subsystems at path C:/Program Files/Unity/Hub/Editor/2020.3.12f1/Editor/Data/Resources/UnitySubsystems
[Subsystems] Discovering subsystems at path C:/Users/toni-/Desktop/Toni/GitHub/Risitas/Assets
GfxDevice: creating device client; threaded=0
Direct3D:
    Version:  Direct3D 11.0 [level 11.1]
    Renderer: Radeon RX 570 Series (ID=0x67df)
    Vendor:   
    VRAM:     4076 MB
    Driver:   26.20.15019.19000
Initialize mono
Mono path[0] = 'C:/Program Files/Unity/Hub/Editor/2020.3.12f1/Editor/Data/Managed'
Mono path[1] = 'C:/Program Files/Unity/Hub/Editor/2020.3.12f1/Editor/Data/MonoBleedingEdge/lib/mono/unityjit'
Mono config path = 'C:/Program Files/Unity/Hub/Editor/2020.3.12f1/Editor/Data/MonoBleedingEdge/etc'
Using monoOptions --debugger-agent=transport=dt_socket,embedding=1,server=y,suspend=n,address=127.0.0.1:56900
Begin MonoManager ReloadAssembly
Registering precompiled unity dll's ...
Register platform support module: C:/Program Files/Unity/Hub/Editor/2020.3.12f1/Editor/Data/PlaybackEngines/MacStandaloneSupport/UnityEditor.OSXStandalone.Extensions.dll
Register platform support module: C:/Program Files/Unity/Hub/Editor/2020.3.12f1/Editor/Data/PlaybackEngines/WindowsStandaloneSupport/UnityEditor.WindowsStandalone.Extensions.dll
Register platform support module: C:/Program Files/Unity/Hub/Editor/2020.3.12f1/Editor/Data/PlaybackEngines/LinuxStandaloneSupport/UnityEditor.LinuxStandalone.Extensions.dll
Registered in 0.003027 seconds.
Native extension for LinuxStandalone target not found
Native extension for WindowsStandalone target not found
Native extension for OSXStandalone target not found
Refreshing native plugins compatible for Editor in 41.66 ms, found 3 plugins.
Preloading 0 native plugins for Editor in 0.00 ms.
Mono: successfully reloaded assembly
- Completed reload, in  2.064 seconds
Platform modules already initialized, skipping
Registering precompiled user dll's ...
Registered in 0.004868 seconds.
Begin MonoManager ReloadAssembly
Native extension for LinuxStandalone target not found
Native extension for WindowsStandalone target not found
Native extension for OSXStandalone target not found
Refreshing native plugins compatible for Editor in 41.35 ms, found 3 plugins.
Preloading 0 native plugins for Editor in 0.00 ms.
Mono: successfully reloaded assembly
- Completed reload, in  1.184 seconds
Platform modules already initialized, skipping
========================================================================
Worker process is ready to serve import requests
Launched and connected shader compiler UnityShaderCompiler.exe after 0.04 seconds
Refreshing native plugins compatible for Editor in 0.44 ms, found 3 plugins.
Preloading 0 native plugins for Editor in 0.00 ms.
Unloading 2094 Unused Serialized files (Serialized files now loaded: 0)
System memory in use before: 94.5 MB.
System memory in use after: 94.4 MB.

Unloading 33 unused Assets to reduce memory usage. Loaded Objects now: 2541.
Total: 2.365400 ms (FindLiveObjects: 0.199400 ms CreateObjectMapping: 0.086200 ms MarkObjects: 1.958200 ms  DeleteObjects: 0.120800 ms)

AssetImportParameters requested are different than current active one (requested -> active):
  custom:framework-win-MediaFoundation: 216162199b28c13a410421893ffa2e32 -> 
  custom:video-decoder-ogg-theora: a1e56fd34408186e4bbccfd4996cb3dc -> 
  custom:container-muxer-webm: aa71ff27fc2769a1b78a27578f13a17b -> 
  custom:container-demuxer-webm: 4f35f7cbe854078d1ac9338744f61a02 -> 
  custom:container-demuxer-ogg: 62fdf1f143b41e24485cea50d1cbac27 -> 
  custom:video-encoder-webm-vp8: eb34c28f22e8b96e1ab97ce403110664 -> 
  custom:video-decoder-webm-vp8: 9c59270c3fd7afecdb556c50c9e8de78 -> 
  custom:audio-decoder-ogg-vorbis: bf7c407c2cedff20999df2af8eb42d56 -> 
  custom:audio-encoder-webm-vorbis: bf7c407c2cedff20999df2af8eb42d56 -> 
========================================================================
Received Import Request.
  path: Assets/Sprites/Adornos/Estrella/Risa/1.png
  artifactKey: Guid(513bc0444bc989e4bb91673ec5416a37) Importer(815301076,1909f56bfc062723c751e8b465ee728b)
Start importing Assets/Sprites/Adornos/Estrella/Risa/1.png using Guid(513bc0444bc989e4bb91673ec5416a37) Importer(815301076,1909f56bfc062723c751e8b465ee728b)  -> (artifact id: '7b2d142575dc71f00f38bac72917bd1d') in 0.118956 seconds 
  Import took 0.122807 seconds .

========================================================================
Received Import Request.
  Time since last request: 0.000214 seconds.
  path: Assets/Sprites/Adornos/Estrella/Risa/3.png
  artifactKey: Guid(14a5b70a6ca1c514a9b459d842e6c386) Importer(815301076,1909f56bfc062723c751e8b465ee728b)
Start importing Assets/Sprites/Adornos/Estrella/Risa/3.png using Guid(14a5b70a6ca1c514a9b459d842e6c386) Importer(815301076,1909f56bfc062723c751e8b465ee728b)  -> (artifact id: 'd77c05ec0e57cadfdc22390ccbbb5403') in 0.017243 seconds 
  Import took 0.020606 seconds .

========================================================================
Received Import Request.
  Time since last request: 0.000232 seconds.
  path: Assets/Sprites/Adornos/Estrella/Risa/2.png
  artifactKey: Guid(063952f25c3c88e4da7b9711b67a430d) Importer(815301076,1909f56bfc062723c751e8b465ee728b)
Start importing Assets/Sprites/Adornos/Estrella/Risa/2.png using Guid(063952f25c3c88e4da7b9711b67a430d) Importer(815301076,1909f56bfc062723c751e8b465ee728b)  -> (artifact id: 'b90af3b6b1c7b579925b36a5871bf587') in 0.016494 seconds 
  Import took 0.020729 seconds .

========================================================================
Received Import Request.
  Time since last request: 0.000222 seconds.
  path: Assets/Sprites/Adornos/Estrella/Risa/4.png
  artifactKey: Guid(3da6d64d59620eb418a67106a41495ca) Importer(815301076,1909f56bfc062723c751e8b465ee728b)
Start importing Assets/Sprites/Adornos/Estrella/Risa/4.png using Guid(3da6d64d59620eb418a67106a41495ca) Importer(815301076,1909f56bfc062723c751e8b465ee728b)  -> (artifact id: '2772a505dda46dc763e5a18ff90667fb') in 0.016104 seconds 
  Import took 0.019856 seconds .

========================================================================
Received Import Request.
  Time since last request: 0.000471 seconds.
  path: Assets/Sprites/Adornos/Estrella/Risa/1.png
  artifactKey: Guid(513bc0444bc989e4bb91673ec5416a37) Importer(815301076,1909f56bfc062723c751e8b465ee728b)
Start importing Assets/Sprites/Adornos/Estrella/Risa/1.png using Guid(513bc0444bc989e4bb91673ec5416a37) Importer(815301076,1909f56bfc062723c751e8b465ee728b)  -> (artifact id: '7b2d142575dc71f00f38bac72917bd1d') in 0.014999 seconds 
  Import took 0.018713 seconds .

========================================================================
Received Prepare
Registering precompiled user dll's ...
Registered in 0.005978 seconds.
Begin MonoManager ReloadAssembly
Native extension for LinuxStandalone target not found
Native extension for WindowsStandalone target not found
Native extension for OSXStandalone target not found
Refreshing native plugins compatible for Editor in 0.59 ms, found 3 plugins.
Preloading 0 native plugins for Editor in 0.00 ms.
Mono: successfully reloaded assembly
- Completed reload, in  1.102 seconds
Platform modules already initialized, skipping
Switching build target platform(19) subTarget(0) extendedPlatform(0) -> platform(13) subTarget(537395200) extendedPlatform(0)
Refreshing native plugins compatible for Editor in 0.46 ms, found 3 plugins.
Preloading 0 native plugins for Editor in 0.00 ms.
Unloading 2092 Unused Serialized files (Serialized files now loaded: 0)
System memory in use before: 97.3 MB.
System memory in use after: 97.2 MB.

Unloading 21 unused Assets to reduce memory usage. Loaded Objects now: 2551.
Total: 2.318800 ms (FindLiveObjects: 0.178800 ms CreateObjectMapping: 0.079000 ms MarkObjects: 1.960100 ms  DeleteObjects: 0.100000 ms)

AssetImportParameters requested are different than current active one (requested -> active):
  custom:framework-win-MediaFoundation: 216162199b28c13a410421893ffa2e32 -> 
  custom:video-decoder-ogg-theora: a1e56fd34408186e4bbccfd4996cb3dc -> 
  custom:container-muxer-webm: aa71ff27fc2769a1b78a27578f13a17b -> 
  custom:container-demuxer-webm: 4f35f7cbe854078d1ac9338744f61a02 -> 
  custom:container-demuxer-ogg: 62fdf1f143b41e24485cea50d1cbac27 -> 
  custom:video-encoder-webm-vp8: eb34c28f22e8b96e1ab97ce403110664 -> 
  custom:video-decoder-webm-vp8: 9c59270c3fd7afecdb556c50c9e8de78 -> 
  custom:graphics/normal-map-encoding: 01000000000000000000000000000000 -> 02000000000000000000000000000000
  custom:audio-decoder-ogg-vorbis: bf7c407c2cedff20999df2af8eb42d56 -> 
  custom:audio-encoder-webm-vorbis: bf7c407c2cedff20999df2af8eb42d56 -> 
========================================================================
Received Import Request.
  Time since last request: 15.388857 seconds.
  path: Assets/Sprites/Adornos/Estrella/Miraditas de costado/1.png
  artifactKey: Guid(e4502f1298fa035458905365603fb92d) Importer(815301076,1909f56bfc062723c751e8b465ee728b)
Start importing Assets/Sprites/Adornos/Estrella/Miraditas de costado/1.png using Guid(e4502f1298fa035458905365603fb92d) Importer(815301076,1909f56bfc062723c751e8b465ee728b)  -> (artifact id: '7e97ca9a3b0d405627bec47f64725f2f') in 0.055070 seconds 
  Import took 0.058685 seconds .

========================================================================
Received Import Request.
  Time since last request: 0.000243 seconds.
  path: Assets/Sprites/Adornos/Estrella/Miraditas de costado/7.png
  artifactKey: Guid(e6da93e15302e2a40832d574801956f1) Importer(815301076,1909f56bfc062723c751e8b465ee728b)
Start importing Assets/Sprites/Adornos/Estrella/Miraditas de costado/7.png using Guid(e6da93e15302e2a40832d574801956f1) Importer(815301076,1909f56bfc062723c751e8b465ee728b)  -> (artifact id: '6a88374d337ed48a0ab6b6ba92f994a5') in 0.017798 seconds 
  Import took 0.021147 seconds .

========================================================================
Received Import Request.
  Time since last request: 0.000239 seconds.
  path: Assets/Sprites/Adornos/Estrella/Miraditas de costado/6.png
  artifactKey: Guid(5f5dce266a444c544974d603dd46215d) Importer(815301076,1909f56bfc062723c751e8b465ee728b)
Start importing Assets/Sprites/Adornos/Estrella/Miraditas de costado/6.png using Guid(5f5dce266a444c544974d603dd46215d) Importer(815301076,1909f56bfc062723c751e8b465ee728b)  -> (artifact id: '3adeb015b2a03fde75f606d717201ee5') in 0.017753 seconds 
  Import took 0.023451 seconds .

========================================================================
Received Import Request.
  Time since last request: 0.000185 seconds.
  path: Assets/Sprites/Adornos/Estrella/Miraditas de costado/4.png
  artifactKey: Guid(0d0e4208b4c4a8144932b1df9cc2f80f) Importer(815301076,1909f56bfc062723c751e8b465ee728b)
Start importing Assets/Sprites/Adornos/Estrella/Miraditas de costado/4.png using Guid(0d0e4208b4c4a8144932b1df9cc2f80f) Importer(815301076,1909f56bfc062723c751e8b465ee728b)  -> (artifact id: 'c95cf4a532d677bf861bbdc248e41499') in 0.018340 seconds 
  Import took 0.022185 seconds .

========================================================================
Received Import Request.
  Time since last request: 0.000187 seconds.
  path: Assets/Sprites/Adornos/Estrella/Miraditas de costado/2.png
  artifactKey: Guid(251412d60a8d3254194dd52f35a5ff30) Importer(815301076,1909f56bfc062723c751e8b465ee728b)
Start importing Assets/Sprites/Adornos/Estrella/Miraditas de costado/2.png using Guid(251412d60a8d3254194dd52f35a5ff30) Importer(815301076,1909f56bfc062723c751e8b465ee728b)  -> (artifact id: '28cac295f616c1484aeff01a5ea05aa7') in 0.016752 seconds 
  Import took 0.020940 seconds .

========================================================================
Received Import Request.
  Time since last request: 0.000186 seconds.
  path: Assets/Sprites/Adornos/Estrella/Miraditas de costado/3.png
  artifactKey: Guid(c3fb7c21e82e19e4c9b39e72fefcc0cb) Importer(815301076,1909f56bfc062723c751e8b465ee728b)
Start importing Assets/Sprites/Adornos/Estrella/Miraditas de costado/3.png using Guid(c3fb7c21e82e19e4c9b39e72fefcc0cb) Importer(815301076,1909f56bfc062723c751e8b465ee728b)  -> (artifact id: '60a85bd4afd2aa68f965bd951211c318') in 0.015910 seconds 
  Import took 0.019550 seconds .

========================================================================
Received Import Request.
  Time since last request: 0.000225 seconds.
  path: Assets/Sprites/Adornos/Estrella/Miraditas de costado/5.png
  artifactKey: Guid(467530b5f43c01c4c875b83407b71ff0) Importer(815301076,1909f56bfc062723c751e8b465ee728b)
Start importing Assets/Sprites/Adornos/Estrella/Miraditas de costado/5.png using Guid(467530b5f43c01c4c875b83407b71ff0) Importer(815301076,1909f56bfc062723c751e8b465ee728b)  -> (artifact id: 'f357cbeb152ab550461e880e76651d11') in 0.017566 seconds 
  Import took 0.021209 seconds .

========================================================================
Received Import Request.
  Time since last request: 0.000200 seconds.
  path: Assets/Sprites/Adornos/Estrella/Miraditas de costado/3.png
  artifactKey: Guid(c3fb7c21e82e19e4c9b39e72fefcc0cb) Importer(815301076,1909f56bfc062723c751e8b465ee728b)
Start importing Assets/Sprites/Adornos/Estrella/Miraditas de costado/3.png using Guid(c3fb7c21e82e19e4c9b39e72fefcc0cb) Importer(815301076,1909f56bfc062723c751e8b465ee728b)  -> (artifact id: '60a85bd4afd2aa68f965bd951211c318') in 0.019484 seconds 
  Import took 0.023579 seconds .

========================================================================
Received Import Request.
  Time since last request: 38.992343 seconds.
  path: Assets/Sprites/Adornos/Luna/Lengua/1.png
  artifactKey: Guid(c8921b49c972aaf40bc44d385fba6a5c) Importer(815301076,1909f56bfc062723c751e8b465ee728b)
Start importing Assets/Sprites/Adornos/Luna/Lengua/1.png using Guid(c8921b49c972aaf40bc44d385fba6a5c) Importer(815301076,1909f56bfc062723c751e8b465ee728b)  -> (artifact id: 'bf6b855fc42742a9cc6b1facb780a40d') in 0.025457 seconds 
  Import took 0.029714 seconds .

========================================================================
Received Import Request.
  Time since last request: 0.000194 seconds.
  path: Assets/Sprites/Adornos/Luna/Lengua/5.png
  artifactKey: Guid(214cf3fe9ff949445a203b7711dc8d59) Importer(815301076,1909f56bfc062723c751e8b465ee728b)
Start importing Assets/Sprites/Adornos/Luna/Lengua/5.png using Guid(214cf3fe9ff949445a203b7711dc8d59) Importer(815301076,1909f56bfc062723c751e8b465ee728b)  -> (artifact id: '6593277b8cf2c0a7461f5c74501bcc02') in 0.020037 seconds 
  Import took 0.024065 seconds .

========================================================================
Received Import Request.
  Time since last request: 0.000275 seconds.
  path: Assets/Sprites/Adornos/Luna/Lengua/2.png
  artifactKey: Guid(bfba9fdcd1ee2304ba67ae09245129e4) Importer(815301076,1909f56bfc062723c751e8b465ee728b)
Start importing Assets/Sprites/Adornos/Luna/Lengua/2.png using Guid(bfba9fdcd1ee2304ba67ae09245129e4) Importer(815301076,1909f56bfc062723c751e8b465ee728b)  -> (artifact id: 'abc7f2b35d71196352328942a6bc7908') in 0.020182 seconds 
  Import took 0.023914 seconds .

========================================================================
Received Import Request.
  Time since last request: 0.000276 seconds.
  path: Assets/Sprites/Adornos/Luna/Lengua/3.png
  artifactKey: Guid(87618c19fde2ef445ac2c5f11be1da25) Importer(815301076,1909f56bfc062723c751e8b465ee728b)
Start importing Assets/Sprites/Adornos/Luna/Lengua/3.png using Guid(87618c19fde2ef445ac2c5f11be1da25) Importer(815301076,1909f56bfc062723c751e8b465ee728b)  -> (artifact id: '12436c2cacca8b00b43fe51ee40926fc') in 0.027353 seconds 
  Import took 0.030884 seconds .

========================================================================
Received Import Request.
  Time since last request: 0.000184 seconds.
  path: Assets/Sprites/Adornos/Luna/Lengua/4.png
  artifactKey: Guid(fb5faea02a04c714995004fff10466a1) Importer(815301076,1909f56bfc062723c751e8b465ee728b)
Start importing Assets/Sprites/Adornos/Luna/Lengua/4.png using Guid(fb5faea02a04c714995004fff10466a1) Importer(815301076,1909f56bfc062723c751e8b465ee728b)  -> (artifact id: 'be16dceea83369b9551eb2d100e00c1d') in 0.017282 seconds 
  Import took 0.021517 seconds .

========================================================================
Received Import Request.
  Time since last request: 9.661641 seconds.
  path: Assets/Sprites/Adornos/Luna/Miraditas de costado/1.png
  artifactKey: Guid(86b9cfaada8fa89439fc213879c37409) Importer(815301076,1909f56bfc062723c751e8b465ee728b)
Start importing Assets/Sprites/Adornos/Luna/Miraditas de costado/1.png using Guid(86b9cfaada8fa89439fc213879c37409) Importer(815301076,1909f56bfc062723c751e8b465ee728b)  -> (artifact id: '850a0bd870abcc805de2c452cb57b70e') in 0.014671 seconds 
  Import took 0.018456 seconds .

========================================================================
Received Import Request.
  Time since last request: 0.000262 seconds.
  path: Assets/Sprites/Adornos/Luna/Miraditas de costado/4.png
  artifactKey: Guid(cb3b1056f54eed04cb2278dac250ac1c) Importer(815301076,1909f56bfc062723c751e8b465ee728b)
Start importing Assets/Sprites/Adornos/Luna/Miraditas de costado/4.png using Guid(cb3b1056f54eed04cb2278dac250ac1c) Importer(815301076,1909f56bfc062723c751e8b465ee728b)  -> (artifact id: '37bb37d6c6cb3e33827a98566861abfb') in 0.028971 seconds 
  Import took 0.033416 seconds .

========================================================================
Received Import Request.
  Time since last request: 0.000238 seconds.
  path: Assets/Sprites/Adornos/Luna/Miraditas de costado/5.png
  artifactKey: Guid(f7448aaed1e38b64c85a9b6275e846dc) Importer(815301076,1909f56bfc062723c751e8b465ee728b)
Start importing Assets/Sprites/Adornos/Luna/Miraditas de costado/5.png using Guid(f7448aaed1e38b64c85a9b6275e846dc) Importer(815301076,1909f56bfc062723c751e8b465ee728b)  -> (artifact id: 'd45f6c8c38f946227794c56a1183623b') in 0.014682 seconds 
  Import took 0.018852 seconds .

========================================================================
Received Import Request.
  Time since last request: 0.000223 seconds.
  path: Assets/Sprites/Adornos/Luna/Miraditas de costado/6.png
  artifactKey: Guid(9de877cccc255004bbef4c557fa9746d) Importer(815301076,1909f56bfc062723c751e8b465ee728b)
Start importing Assets/Sprites/Adornos/Luna/Miraditas de costado/6.png using Guid(9de877cccc255004bbef4c557fa9746d) Importer(815301076,1909f56bfc062723c751e8b465ee728b)  -> (artifact id: '8dc2e22d700fded7d466f5bc443a429c') in 0.016937 seconds 
  Import took 0.020182 seconds .

========================================================================
Received Import Request.
  Time since last request: 0.000172 seconds.
  path: Assets/Sprites/Adornos/Luna/Miraditas de costado/3.png
  artifactKey: Guid(6707917713b178f4fb534a053d656a59) Importer(815301076,1909f56bfc062723c751e8b465ee728b)
Start importing Assets/Sprites/Adornos/Luna/Miraditas de costado/3.png using Guid(6707917713b178f4fb534a053d656a59) Importer(815301076,1909f56bfc062723c751e8b465ee728b)  -> (artifact id: 'b7dd5eed156e3f20488de02b094dde75') in 0.041132 seconds 
  Import took 0.047156 seconds .

========================================================================
Received Import Request.
  Time since last request: 0.000229 seconds.
  path: Assets/Sprites/Adornos/Luna/Miraditas de costado/2.png
  artifactKey: Guid(48b34177b89384b48a80a8b82e78617c) Importer(815301076,1909f56bfc062723c751e8b465ee728b)
Start importing Assets/Sprites/Adornos/Luna/Miraditas de costado/2.png using Guid(48b34177b89384b48a80a8b82e78617c) Importer(815301076,1909f56bfc062723c751e8b465ee728b)  -> (artifact id: 'c4738955dae44c3bb955f0602ee83221') in 0.023388 seconds 
  Import took 0.028343 seconds .

========================================================================
Received Import Request.
  Time since last request: 8.882730 seconds.
  path: Assets/Sprites/Adornos/Luna/Pestaneo/1.png
  artifactKey: Guid(d0f99f3ff3318684381ae53641559872) Importer(815301076,1909f56bfc062723c751e8b465ee728b)
Start importing Assets/Sprites/Adornos/Luna/Pestaneo/1.png using Guid(d0f99f3ff3318684381ae53641559872) Importer(815301076,1909f56bfc062723c751e8b465ee728b)  -> (artifact id: 'f25d6869f47ead9ca4c076a7f4fa7bcd') in 0.014093 seconds 
  Import took 0.018721 seconds .

========================================================================
Received Import Request.
  Time since last request: 0.000297 seconds.
  path: Assets/Sprites/Adornos/Luna/Pestaneo/5.png
  artifactKey: Guid(678a33411339d7d4d81e711eac3a0865) Importer(815301076,1909f56bfc062723c751e8b465ee728b)
Start importing Assets/Sprites/Adornos/Luna/Pestaneo/5.png using Guid(678a33411339d7d4d81e711eac3a0865) Importer(815301076,1909f56bfc062723c751e8b465ee728b)  -> (artifact id: 'b784c118d72f8f6d38ec4e870bba2b62') in 0.020478 seconds 
  Import took 0.028120 seconds .

========================================================================
Received Import Request.
  Time since last request: 0.000166 seconds.
  path: Assets/Sprites/Adornos/Luna/Pestaneo/3.png
  artifactKey: Guid(51a2a8dbc1b91574ba9e70ec8883eb35) Importer(815301076,1909f56bfc062723c751e8b465ee728b)
Start importing Assets/Sprites/Adornos/Luna/Pestaneo/3.png using Guid(51a2a8dbc1b91574ba9e70ec8883eb35) Importer(815301076,1909f56bfc062723c751e8b465ee728b)  -> (artifact id: '89a05c2b053038f748b30be69ea2b01c') in 0.027300 seconds 
  Import took 0.032696 seconds .

========================================================================
Received Import Request.
  Time since last request: 0.000228 seconds.
  path: Assets/Sprites/Adornos/Luna/Pestaneo/2.png
  artifactKey: Guid(7517ad08a9d026a4ebbe7fe33e3d5b16) Importer(815301076,1909f56bfc062723c751e8b465ee728b)
Start importing Assets/Sprites/Adornos/Luna/Pestaneo/2.png using Guid(7517ad08a9d026a4ebbe7fe33e3d5b16) Importer(815301076,1909f56bfc062723c751e8b465ee728b)  -> (artifact id: '9a276ae408d9dd5bcee364848f741359') in 0.017261 seconds 
  Import took 0.020654 seconds .

========================================================================
Received Import Request.
  Time since last request: 0.000174 seconds.
  path: Assets/Sprites/Adornos/Luna/Pestaneo/4.png
  artifactKey: Guid(877805f432c04b843b74a6cbf6f78118) Importer(815301076,1909f56bfc062723c751e8b465ee728b)
Start importing Assets/Sprites/Adornos/Luna/Pestaneo/4.png using Guid(877805f432c04b843b74a6cbf6f78118) Importer(815301076,1909f56bfc062723c751e8b465ee728b)  -> (artifact id: '9ae964053a2d0d6740dc841189f3f2ed') in 0.019648 seconds 
  Import took 0.023291 seconds .

========================================================================
Received Import Request.
  Time since last request: 13.669384 seconds.
  path: Assets/Sprites/Adornos/Luna/Sonrisa/1.png
  artifactKey: Guid(646fd2c478a1bfb419a6cf2e6c3eb451) Importer(815301076,1909f56bfc062723c751e8b465ee728b)
Start importing Assets/Sprites/Adornos/Luna/Sonrisa/1.png using Guid(646fd2c478a1bfb419a6cf2e6c3eb451) Importer(815301076,1909f56bfc062723c751e8b465ee728b)  -> (artifact id: '276b9e412920bf3dd04bac7c84134bb6') in 0.013744 seconds 
  Import took 0.018480 seconds .

========================================================================
Received Import Request.
  Time since last request: 0.000318 seconds.
  path: Assets/Sprites/Adornos/Luna/Sonrisa/3.png
  artifactKey: Guid(34873b1964f1d3543bc7b3da69da51d0) Importer(815301076,1909f56bfc062723c751e8b465ee728b)
Start importing Assets/Sprites/Adornos/Luna/Sonrisa/3.png using Guid(34873b1964f1d3543bc7b3da69da51d0) Importer(815301076,1909f56bfc062723c751e8b465ee728b)  -> (artifact id: '20555d5ce5aa6b7c021b3ed3dc9523f7') in 0.016776 seconds 
  Import took 0.020998 seconds .

========================================================================
Received Import Request.
  Time since last request: 0.000297 seconds.
  path: Assets/Sprites/Adornos/Luna/Sonrisa/4.png
  artifactKey: Guid(23d37975123ffa24597f1ace6dfe8e15) Importer(815301076,1909f56bfc062723c751e8b465ee728b)
Start importing Assets/Sprites/Adornos/Luna/Sonrisa/4.png using Guid(23d37975123ffa24597f1ace6dfe8e15) Importer(815301076,1909f56bfc062723c751e8b465ee728b)  -> (artifact id: '31c2729bdebe3c455aa3b5fd5c7f969f') in 0.015448 seconds 
  Import took 0.019729 seconds .

========================================================================
Received Import Request.
  Time since last request: 0.000166 seconds.
  path: Assets/Sprites/Adornos/Luna/Sonrisa/1.png
  artifactKey: Guid(646fd2c478a1bfb419a6cf2e6c3eb451) Importer(815301076,1909f56bfc062723c751e8b465ee728b)
Start importing Assets/Sprites/Adornos/Luna/Sonrisa/1.png using Guid(646fd2c478a1bfb419a6cf2e6c3eb451) Importer(815301076,1909f56bfc062723c751e8b465ee728b)  -> (artifact id: '276b9e412920bf3dd04bac7c84134bb6') in 0.016414 seconds 
  Import took 0.019933 seconds .

========================================================================
Received Import Request.
  Time since last request: 0.000164 seconds.
  path: Assets/Sprites/Adornos/Luna/Sonrisa/2.png
  artifactKey: Guid(d2c51b0c40b20d746b772c84172c3802) Importer(815301076,1909f56bfc062723c751e8b465ee728b)
Start importing Assets/Sprites/Adornos/Luna/Sonrisa/2.png using Guid(d2c51b0c40b20d746b772c84172c3802) Importer(815301076,1909f56bfc062723c751e8b465ee728b)  -> (artifact id: '3f0f6c5f0250429d5afe037d6735edb7') in 0.015159 seconds 
  Import took 0.020379 seconds .

========================================================================
Received Import Request.
  Time since last request: 11.280309 seconds.
  path: Assets/Sprites/Adornos/Nube/Lengua/1.png
  artifactKey: Guid(51363ba2e3695a84f8807a2ecdd0e9f5) Importer(815301076,1909f56bfc062723c751e8b465ee728b)
Start importing Assets/Sprites/Adornos/Nube/Lengua/1.png using Guid(51363ba2e3695a84f8807a2ecdd0e9f5) Importer(815301076,1909f56bfc062723c751e8b465ee728b)  -> (artifact id: 'd77d33dde4c8bc7bb57b88f2c952e6a4') in 0.015040 seconds 
  Import took 0.019113 seconds .

========================================================================
Received Import Request.
  Time since last request: 0.000251 seconds.
  path: Assets/Sprites/Adornos/Nube/Lengua/3.png
  artifactKey: Guid(3114b9c272da23d41853a57e867fad67) Importer(815301076,1909f56bfc062723c751e8b465ee728b)
Start importing Assets/Sprites/Adornos/Nube/Lengua/3.png using Guid(3114b9c272da23d41853a57e867fad67) Importer(815301076,1909f56bfc062723c751e8b465ee728b)  -> (artifact id: 'c56abb1db2bf4995300143ff6afe126d') in 0.027272 seconds 
  Import took 0.030868 seconds .

========================================================================
Received Import Request.
  Time since last request: 0.000202 seconds.
  path: Assets/Sprites/Adornos/Nube/Lengua/5.png
  artifactKey: Guid(d2fe5b869db8006428f92e0e6bec13e2) Importer(815301076,1909f56bfc062723c751e8b465ee728b)
Start importing Assets/Sprites/Adornos/Nube/Lengua/5.png using Guid(d2fe5b869db8006428f92e0e6bec13e2) Importer(815301076,1909f56bfc062723c751e8b465ee728b)  -> (artifact id: '3e0b5c249ec0ca977d0da3339d661ad3') in 0.016379 seconds 
  Import took 0.020090 seconds .

========================================================================
Received Import Request.
  Time since last request: 0.000207 seconds.
  path: Assets/Sprites/Adornos/Nube/Lengua/4.png
  artifactKey: Guid(06ad332014aadbf4588b155f4841251d) Importer(815301076,1909f56bfc062723c751e8b465ee728b)
Start importing Assets/Sprites/Adornos/Nube/Lengua/4.png using Guid(06ad332014aadbf4588b155f4841251d) Importer(815301076,1909f56bfc062723c751e8b465ee728b)  -> (artifact id: 'dae3e944a490f671ffc340d1eb7030d6') in 0.015844 seconds 
  Import took 0.019400 seconds .

========================================================================
Received Import Request.
  Time since last request: 0.000164 seconds.
  path: Assets/Sprites/Adornos/Nube/Lengua/2.png
  artifactKey: Guid(a6b97a5b83fae2c49ab86eced3f63c8d) Importer(815301076,1909f56bfc062723c751e8b465ee728b)
Start importing Assets/Sprites/Adornos/Nube/Lengua/2.png using Guid(a6b97a5b83fae2c49ab86eced3f63c8d) Importer(815301076,1909f56bfc062723c751e8b465ee728b)  -> (artifact id: 'c9cfdb3112eca14f9d58e9707078683a') in 0.020373 seconds 
  Import took 0.023687 seconds .

========================================================================
Received Import Request.
  Time since last request: 9.926694 seconds.
  path: Assets/Sprites/Adornos/Nube/Miradita de costado/1.png
  artifactKey: Guid(42a879345da703341bbfb5a1dc1e9aa2) Importer(815301076,1909f56bfc062723c751e8b465ee728b)
Start importing Assets/Sprites/Adornos/Nube/Miradita de costado/1.png using Guid(42a879345da703341bbfb5a1dc1e9aa2) Importer(815301076,1909f56bfc062723c751e8b465ee728b)  -> (artifact id: 'fab82dd623efdc160f89a32cabcda30f') in 0.016085 seconds 
  Import took 0.019801 seconds .

========================================================================
Received Import Request.
  Time since last request: 0.000273 seconds.
  path: Assets/Sprites/Adornos/Nube/Miradita de costado/5.png
  artifactKey: Guid(11fe19db7095b1b459ce69f73d903e62) Importer(815301076,1909f56bfc062723c751e8b465ee728b)
Start importing Assets/Sprites/Adornos/Nube/Miradita de costado/5.png using Guid(11fe19db7095b1b459ce69f73d903e62) Importer(815301076,1909f56bfc062723c751e8b465ee728b)  -> (artifact id: 'cf0de279adb29e08e81812b482b396e8') in 0.017999 seconds 
  Import took 0.021209 seconds .

========================================================================
Received Import Request.
  Time since last request: 0.000245 seconds.
  path: Assets/Sprites/Adornos/Nube/Miradita de costado/2.png
  artifactKey: Guid(fa10dd3d773467a4d996c24971397282) Importer(815301076,1909f56bfc062723c751e8b465ee728b)
Start importing Assets/Sprites/Adornos/Nube/Miradita de costado/2.png using Guid(fa10dd3d773467a4d996c24971397282) Importer(815301076,1909f56bfc062723c751e8b465ee728b)  -> (artifact id: 'e46421ded895c9f6a4feb25ba39f8a00') in 0.015816 seconds 
  Import took 0.019658 seconds .

========================================================================
Received Import Request.
  Time since last request: 0.000180 seconds.
  path: Assets/Sprites/Adornos/Nube/Miradita de costado/6.png
  artifactKey: Guid(92c8a5e2d2b7e7d41841a6980eb5cb65) Importer(815301076,1909f56bfc062723c751e8b465ee728b)
Start importing Assets/Sprites/Adornos/Nube/Miradita de costado/6.png using Guid(92c8a5e2d2b7e7d41841a6980eb5cb65) Importer(815301076,1909f56bfc062723c751e8b465ee728b)  -> (artifact id: 'c9c103f798bbfa71f59abd568fb66fff') in 0.015852 seconds 
  Import took 0.020000 seconds .

========================================================================
Received Import Request.
  Time since last request: 0.000131 seconds.
  path: Assets/Sprites/Adornos/Nube/Miradita de costado/3.png
  artifactKey: Guid(7e51adb71ff79e840bf2bfeb9be72865) Importer(815301076,1909f56bfc062723c751e8b465ee728b)
Start importing Assets/Sprites/Adornos/Nube/Miradita de costado/3.png using Guid(7e51adb71ff79e840bf2bfeb9be72865) Importer(815301076,1909f56bfc062723c751e8b465ee728b)  -> (artifact id: '0650cc3db83abca6204cd44dfff875c5') in 0.026171 seconds 
  Import took 0.031692 seconds .

========================================================================
Received Import Request.
  Time since last request: 0.000251 seconds.
  path: Assets/Sprites/Adornos/Nube/Miradita de costado/4.png
  artifactKey: Guid(96f32b70b931ca84fb2c7c28ddd0a0ec) Importer(815301076,1909f56bfc062723c751e8b465ee728b)
Start importing Assets/Sprites/Adornos/Nube/Miradita de costado/4.png using Guid(96f32b70b931ca84fb2c7c28ddd0a0ec) Importer(815301076,1909f56bfc062723c751e8b465ee728b)  -> (artifact id: 'fdf9e513dad9aaae784f0e5d777ba926') in 0.025864 seconds 
  Import took 0.029317 seconds .

========================================================================
Received Import Request.
  Time since last request: 9.977832 seconds.
  path: Assets/Sprites/Adornos/Nube/Pestaneo/1.png
  artifactKey: Guid(e7a9b909d900d7c40880556bf54e4454) Importer(815301076,1909f56bfc062723c751e8b465ee728b)
Start importing Assets/Sprites/Adornos/Nube/Pestaneo/1.png using Guid(e7a9b909d900d7c40880556bf54e4454) Importer(815301076,1909f56bfc062723c751e8b465ee728b)  -> (artifact id: 'a788df24fabc1926a20c7d45133b2501') in 0.019167 seconds 
  Import took 0.027041 seconds .

========================================================================
Received Import Request.
  Time since last request: 0.000154 seconds.
  path: Assets/Sprites/Adornos/Nube/Pestaneo/2.png
  artifactKey: Guid(01f9714d7df9b374aa1a708bb9b5c6fa) Importer(815301076,1909f56bfc062723c751e8b465ee728b)
Start importing Assets/Sprites/Adornos/Nube/Pestaneo/2.png using Guid(01f9714d7df9b374aa1a708bb9b5c6fa) Importer(815301076,1909f56bfc062723c751e8b465ee728b)  -> (artifact id: '5b492b2908f031dc89bf0be0d175ba0f') in 0.021768 seconds 
  Import took 0.037259 seconds .

========================================================================
Received Import Request.
  Time since last request: 0.000161 seconds.
  path: Assets/Sprites/Adornos/Nube/Pestaneo/5.png
  artifactKey: Guid(5cda786d404ef794ea6e9c87a8bff310) Importer(815301076,1909f56bfc062723c751e8b465ee728b)
Start importing Assets/Sprites/Adornos/Nube/Pestaneo/5.png using Guid(5cda786d404ef794ea6e9c87a8bff310) Importer(815301076,1909f56bfc062723c751e8b465ee728b)  -> (artifact id: '7ba439de9ad49a75afe793bf543b0736') in 0.041138 seconds 
  Import took 0.044925 seconds .

========================================================================
Received Import Request.
  Time since last request: 0.000208 seconds.
  path: Assets/Sprites/Adornos/Nube/Pestaneo/4.png
  artifactKey: Guid(c1240b2c3237e584788d75d1cbbc3e9c) Importer(815301076,1909f56bfc062723c751e8b465ee728b)
Start importing Assets/Sprites/Adornos/Nube/Pestaneo/4.png using Guid(c1240b2c3237e584788d75d1cbbc3e9c) Importer(815301076,1909f56bfc062723c751e8b465ee728b)  -> (artifact id: '21384bdc62ba526f86c27197a1c0ee50') in 0.026743 seconds 
  Import took 0.031193 seconds .

========================================================================
Received Import Request.
  Time since last request: 0.000202 seconds.
  path: Assets/Sprites/Adornos/Nube/Pestaneo/3.png
  artifactKey: Guid(3b69b114024622b43adc0218aaa9ce97) Importer(815301076,1909f56bfc062723c751e8b465ee728b)
Start importing Assets/Sprites/Adornos/Nube/Pestaneo/3.png using Guid(3b69b114024622b43adc0218aaa9ce97) Importer(815301076,1909f56bfc062723c751e8b465ee728b)  -> (artifact id: '57505aa2bedfb6765c73aedbc46d3a27') in 0.036939 seconds 
  Import took 0.040630 seconds .

========================================================================
Received Prepare
Refreshing native plugins compatible for Editor in 4.21 ms, found 3 plugins.
Preloading 0 native plugins for Editor in 0.00 ms.
Unloading 19 Unused Serialized files (Serialized files now loaded: 0)
System memory in use before: 56.8 MB.
System memory in use after: 56.8 MB.

Unloading 19 unused Assets to reduce memory usage. Loaded Objects now: 2552.
Total: 2.513800 ms (FindLiveObjects: 0.211200 ms CreateObjectMapping: 0.092400 ms MarkObjects: 2.106100 ms  DeleteObjects: 0.103300 ms)

AssetImportParameters requested are different than current active one (requested -> active):
  custom:framework-win-MediaFoundation: 216162199b28c13a410421893ffa2e32 -> 
  custom:video-decoder-ogg-theora: a1e56fd34408186e4bbccfd4996cb3dc -> 
  custom:container-muxer-webm: aa71ff27fc2769a1b78a27578f13a17b -> 
  custom:container-demuxer-webm: 4f35f7cbe854078d1ac9338744f61a02 -> 
  custom:container-demuxer-ogg: 62fdf1f143b41e24485cea50d1cbac27 -> 
  custom:video-encoder-webm-vp8: eb34c28f22e8b96e1ab97ce403110664 -> 
  custom:video-decoder-webm-vp8: 9c59270c3fd7afecdb556c50c9e8de78 -> 
  custom:audio-decoder-ogg-vorbis: bf7c407c2cedff20999df2af8eb42d56 -> 
  custom:audio-encoder-webm-vorbis: bf7c407c2cedff20999df2af8eb42d56 -> 
========================================================================
Received Import Request.
  Time since last request: 309.754438 seconds.
  path: Assets/Prefab/Interact_Luna.prefab
  artifactKey: Guid(9d6ff0a7ba2275d4a8bd8d5c5df26685) Importer(815301076,1909f56bfc062723c751e8b465ee728b)
Start importing Assets/Prefab/Interact_Luna.prefab using Guid(9d6ff0a7ba2275d4a8bd8d5c5df26685) Importer(815301076,1909f56bfc062723c751e8b465ee728b)  -> (artifact id: 'ce16b1147b9694c9efbb3cc891e1b5fb') in 0.084513 seconds 
  Import took 0.089434 seconds .

========================================================================
Received Import Request.
  Time since last request: 0.000259 seconds.
  path: Assets/Prefab/ItemsNoche.prefab
  artifactKey: Guid(9a3174ed1e21d1e4aa76f5427c763928) Importer(815301076,1909f56bfc062723c751e8b465ee728b)
Start importing Assets/Prefab/ItemsNoche.prefab using Guid(9a3174ed1e21d1e4aa76f5427c763928) Importer(815301076,1909f56bfc062723c751e8b465ee728b)  -> (artifact id: '3a73e4ed878a47f90c045a1bc4062428') in 0.076586 seconds 
  Import took 0.081049 seconds .

========================================================================
Received Prepare
Registering precompiled user dll's ...
Registered in 0.012495 seconds.
Begin MonoManager ReloadAssembly
Native extension for LinuxStandalone target not found
Native extension for WindowsStandalone target not found
Native extension for OSXStandalone target not found
Refreshing native plugins compatible for Editor in 0.45 ms, found 3 plugins.
Preloading 0 native plugins for Editor in 0.00 ms.
Mono: successfully reloaded assembly
- Completed reload, in  1.027 seconds
Platform modules already initialized, skipping
Switching build target platform(19) subTarget(0) extendedPlatform(0) -> platform(13) subTarget(537395200) extendedPlatform(0)
Refreshing native plugins compatible for Editor in 0.45 ms, found 3 plugins.
Preloading 0 native plugins for Editor in 0.00 ms.
Unloading 2092 Unused Serialized files (Serialized files now loaded: 0)
System memory in use before: 97.5 MB.
System memory in use after: 97.5 MB.

Unloading 21 unused Assets to reduce memory usage. Loaded Objects now: 2559.
Total: 2.453900 ms (FindLiveObjects: 0.197900 ms CreateObjectMapping: 0.090200 ms MarkObjects: 2.045500 ms  DeleteObjects: 0.119200 ms)

AssetImportParameters requested are different than current active one (requested -> active):
  custom:framework-win-MediaFoundation: 216162199b28c13a410421893ffa2e32 -> 
  custom:video-decoder-ogg-theora: a1e56fd34408186e4bbccfd4996cb3dc -> 
  custom:container-muxer-webm: aa71ff27fc2769a1b78a27578f13a17b -> 
  custom:container-demuxer-webm: 4f35f7cbe854078d1ac9338744f61a02 -> 
  custom:container-demuxer-ogg: 62fdf1f143b41e24485cea50d1cbac27 -> 
  custom:video-encoder-webm-vp8: eb34c28f22e8b96e1ab97ce403110664 -> 
  custom:video-decoder-webm-vp8: 9c59270c3fd7afecdb556c50c9e8de78 -> 
  custom:graphics/normal-map-encoding: 01000000000000000000000000000000 -> 02000000000000000000000000000000
  custom:audio-decoder-ogg-vorbis: bf7c407c2cedff20999df2af8eb42d56 -> 
  custom:audio-encoder-webm-vorbis: bf7c407c2cedff20999df2af8eb42d56 -> 
========================================================================
Received Import Request.
  Time since last request: 82.231261 seconds.
  path: Assets/Prefab/Interact_Luna.prefab
  artifactKey: Guid(9d6ff0a7ba2275d4a8bd8d5c5df26685) Importer(815301076,1909f56bfc062723c751e8b465ee728b)
Start importing Assets/Prefab/Interact_Luna.prefab using Guid(9d6ff0a7ba2275d4a8bd8d5c5df26685) Importer(815301076,1909f56bfc062723c751e8b465ee728b)  -> (artifact id: 'e9f1071eb6e2cb62a3303a52fbdf8178') in 0.060537 seconds 
  Import took 0.064998 seconds .

========================================================================
Received Import Request.
  Time since last request: 0.000185 seconds.
  path: Assets/Prefab/ItemsNoche.prefab
  artifactKey: Guid(9a3174ed1e21d1e4aa76f5427c763928) Importer(815301076,1909f56bfc062723c751e8b465ee728b)
Start importing Assets/Prefab/ItemsNoche.prefab using Guid(9a3174ed1e21d1e4aa76f5427c763928) Importer(815301076,1909f56bfc062723c751e8b465ee728b)  -> (artifact id: '542bc0af06f6e1be028ca8703e3bee9e') in 0.040474 seconds 
  Import took 0.045409 seconds .

========================================================================
Received Import Request.
  Time since last request: 6.601855 seconds.
  path: Assets/Prefab/Interact_Luna.prefab
  artifactKey: Guid(9d6ff0a7ba2275d4a8bd8d5c5df26685) Importer(815301076,1909f56bfc062723c751e8b465ee728b)
Start importing Assets/Prefab/Interact_Luna.prefab using Guid(9d6ff0a7ba2275d4a8bd8d5c5df26685) Importer(815301076,1909f56bfc062723c751e8b465ee728b)  -> (artifact id: '9e3300811fbdf6931d1c3b111e6ba1af') in 0.018600 seconds 
  Import took 0.023271 seconds .

========================================================================
Received Import Request.
  Time since last request: 0.000243 seconds.
  path: Assets/Prefab/ItemsNoche.prefab
  artifactKey: Guid(9a3174ed1e21d1e4aa76f5427c763928) Importer(815301076,1909f56bfc062723c751e8b465ee728b)
Start importing Assets/Prefab/ItemsNoche.prefab using Guid(9a3174ed1e21d1e4aa76f5427c763928) Importer(815301076,1909f56bfc062723c751e8b465ee728b)  -> (artifact id: '4ed97071739237a644bd130d7ac1990d') in 0.042357 seconds 
  Import took 0.047255 seconds .

========================================================================
Received Import Request.
  Time since last request: 1.731953 seconds.
  path: Assets/Prefab/Interact_Luna.prefab
  artifactKey: Guid(9d6ff0a7ba2275d4a8bd8d5c5df26685) Importer(815301076,1909f56bfc062723c751e8b465ee728b)
Start importing Assets/Prefab/Interact_Luna.prefab using Guid(9d6ff0a7ba2275d4a8bd8d5c5df26685) Importer(815301076,1909f56bfc062723c751e8b465ee728b)  -> (artifact id: 'fcef317f85cad3ed6d0f6cbc4235e5df') in 0.020878 seconds 
  Import took 0.025316 seconds .

========================================================================
Received Import Request.
  Time since last request: 0.000240 seconds.
  path: Assets/Prefab/ItemsNoche.prefab
  artifactKey: Guid(9a3174ed1e21d1e4aa76f5427c763928) Importer(815301076,1909f56bfc062723c751e8b465ee728b)
Start importing Assets/Prefab/ItemsNoche.prefab using Guid(9a3174ed1e21d1e4aa76f5427c763928) Importer(815301076,1909f56bfc062723c751e8b465ee728b)  -> (artifact id: '43588b51c1183a830bd6e9fd36dffbb7') in 0.045170 seconds 
  Import took 0.050145 seconds .

========================================================================
Received Prepare
Refreshing native plugins compatible for Editor in 4.11 ms, found 3 plugins.
Preloading 0 native plugins for Editor in 0.00 ms.
Unloading 19 Unused Serialized files (Serialized files now loaded: 0)
System memory in use before: 59.8 MB.
System memory in use after: 59.7 MB.

Unloading 19 unused Assets to reduce memory usage. Loaded Objects now: 2560.
Total: 2.585400 ms (FindLiveObjects: 0.207600 ms CreateObjectMapping: 0.078200 ms MarkObjects: 2.148300 ms  DeleteObjects: 0.150400 ms)

AssetImportParameters requested are different than current active one (requested -> active):
  custom:framework-win-MediaFoundation: 216162199b28c13a410421893ffa2e32 -> 
  custom:video-decoder-ogg-theora: a1e56fd34408186e4bbccfd4996cb3dc -> 
  custom:container-muxer-webm: aa71ff27fc2769a1b78a27578f13a17b -> 
  custom:container-demuxer-webm: 4f35f7cbe854078d1ac9338744f61a02 -> 
  custom:container-demuxer-ogg: 62fdf1f143b41e24485cea50d1cbac27 -> 
  custom:video-encoder-webm-vp8: eb34c28f22e8b96e1ab97ce403110664 -> 
  custom:video-decoder-webm-vp8: 9c59270c3fd7afecdb556c50c9e8de78 -> 
  custom:audio-decoder-ogg-vorbis: bf7c407c2cedff20999df2af8eb42d56 -> 
  custom:audio-encoder-webm-vorbis: bf7c407c2cedff20999df2af8eb42d56 -> 
AssetImportWorkerClient::OnTransportError - code=2 error=End of file
